<?xml version="1.0" encoding="UTF-8"?>
<!-- Generated by org.testng.reporters.JUnitXMLReporter -->
<testsuite ignored="0" hostname="DESKTOP-J7DNQ9P" failures="1" tests="1" name="edge test" time="21.333" errors="0" timestamp="2023-11-14T12:48:39 IST">
  <testcase classname="TestNGfRAMEWORK.ParameterizationExamples" name="LoginFunctionality" time="4.999">
    <failure type="java.lang.AssertionError" message="testcase is failed expected [Adactin.com - Search Hotel11] but found [Adactin.com - Search Hotel]">
      <![CDATA[java.lang.AssertionError: testcase is failed expected [Adactin.com - Search Hotel11] but found [Adactin.com - Search Hotel]
at TestNGfRAMEWORK.ParameterizationExamples.LoginFunctionality(ParameterizationExamples.java:49)
at java.base/java.util.ArrayList.forEach(ArrayList.java:1541)
at java.base/java.util.concurrent.FutureTask.run(FutureTask.java:264)
at java.base/java.util.concurrent.ThreadPoolExecutor.runWorker(ThreadPoolExecutor.java:1128)
at java.base/java.util.concurrent.ThreadPoolExecutor$Worker.run(ThreadPoolExecutor.java:628)
at java.base/java.lang.Thread.run(Thread.java:834)
... Removed 22 stack frames]]>
    </failure>
  </testcase> <!-- LoginFunctionality -->
</testsuite> <!-- edge test -->
