<?xml version="1.0" encoding="UTF-8"?>
<!-- Generated by org.testng.reporters.JUnitXMLReporter -->
<testsuite ignored="0" hostname="DESKTOP-J7DNQ9P" failures="1" tests="1" name="Test" time="28.838" errors="0" timestamp="2023-11-14T12:01:57 IST">
  <testcase classname="TestNGfRAMEWORK.ParameterizationExamples" name="LoginFunctionality" time="1.449">
    <failure type="java.lang.AssertionError" message="testcase is failed expected [Adactin.com - Search Hotel11] but found [Adactin.com - Search Hotel]">
      <![CDATA[java.lang.AssertionError: testcase is failed expected [Adactin.com - Search Hotel11] but found [Adactin.com - Search Hotel]
at TestNGfRAMEWORK.ParameterizationExamples.LoginFunctionality(ParameterizationExamples.java:49)
at java.base/java.util.ArrayList.forEach(ArrayList.java:1541)
... Removed 32 stack frames]]>
    </failure>
  </testcase> <!-- LoginFunctionality -->
</testsuite> <!-- Test -->
